<?xml version="1.0" encoding="UTF-8"?>
<!-- Generated by org.testng.reporters.JUnitReportReporter -->
<testsuite hostname="NY-ZEESHANMUSTAFA-MBP.attlocal.net" failures="0" tests="1" name="Assertion.PaginationHelperClassAssertions" time="0.014" errors="0" timestamp="2021-03-26T18:54:30 CDT" skipped="0">
  <testcase classname="Assertion.PaginationHelperClassAssertions" name="ValidationForPaginationHelperClassTest" time="0.014"/>
  <system-out/>
</testsuite> <!-- Assertion.PaginationHelperClassAssertions -->
